<?xml version="1.0" encoding="UTF-8"?>
<!-- Generated by org.testng.reporters.JUnitXMLReporter -->
<testsuite ignored="0" hostname="DESKTOP-MLOUV3A" failures="0" tests="1" name="chrome" time="3.344" errors="0" timestamp="2022-09-03T23:58:06 IST">
  <testcase classname="Test_Package.TestNG_Property" name="@BeforeClass beforeClass" time="3.253">
    <failure type="java.io.FileNotFoundException" message="C:\Users\Nitesh Tadadikar\eclipse-workspace\Software_Testing\bin\Velocity_9th_April_Selenium\DataProperty.properties (The system cannot find the path specified)">
      <![CDATA[java.io.FileNotFoundException: C:\Users\Nitesh Tadadikar\eclipse-workspace\Software_Testing\bin\Velocity_9th_April_Selenium\DataProperty.properties (The system cannot find the path specified)
at java.base/java.io.FileInputStream.open0(Native Method)
at java.base/java.io.FileInputStream.open(FileInputStream.java:219)
at java.base/java.io.FileInputStream.<init>(FileInputStream.java:157)
at java.base/java.io.FileInputStream.<init>(FileInputStream.java:112)
at Utility_Package.Utility.readPropertyData(Utility.java:45)
at Base_Package.Browser_Opening.open_App_in_browser(Browser_Opening.java:33)
at Test_Package.TestNG_Property.beforeClass(TestNG_Property.java:30)
at java.base/java.util.ArrayList.forEach(ArrayList.java:1541)
... Removed 25 stack frames]]>
    </failure>
  </testcase> <!-- @BeforeClass beforeClass -->
  <testcase classname="Test_Package.TestNG_Property" name="@BeforeMethod beforeMethod" time="-1.662229686185E9">
    <skipped/>
  </testcase> <!-- @BeforeMethod beforeMethod -->
  <testcase classname="Test_Package.TestNG_Property" name="@AfterMethod afterMethod" time="-1.662229686199E9">
    <skipped/>
  </testcase> <!-- @AfterMethod afterMethod -->
  <testcase classname="Test_Package.TestNG_Property" name="@AfterClass afterClass" time="-1.662229686204E9">
    <skipped/>
  </testcase> <!-- @AfterClass afterClass -->
  <testcase classname="Test_Package.TestNG_Property" name="Validate_TC" time="0.0">
    <skipped/>
  </testcase> <!-- Validate_TC -->
</testsuite> <!-- chrome -->
